[2020-12-13T10:47:28.235+08:00] [INFO] [background-preinit-22] [org.hibernate.validator.internal.util.Version] [] [] [] [Version.java,21,org.hibernate.validator.internal.util.Version,<clinit>] [HV000001: Hibernate Validator 6.0.21.Final] ## ''
[2020-12-13T10:47:28.289+08:00] [INFO] [main-1] [com.xlh.kafka.demo.collector.Application] [] [] [] [StartupInfoLogger.java,55,org.springframework.boot.StartupInfoLogger,logStarting] [Starting Application on huxiaoleideMacBook-Pro.local with PID 63377 (/Users/huxiaolei/IdeaProjects/spring-boot-kafka-demo-parent/collector/target/classes started by huxiaolei in /Users/huxiaolei/IdeaProjects/spring-boot-kafka-demo-parent)] ## ''
[2020-12-13T10:47:28.292+08:00] [INFO] [main-1] [com.xlh.kafka.demo.collector.Application] [] [] [] [SpringApplication.java,651,org.springframework.boot.SpringApplication,logStartupProfileInfo] [No active profile set, falling back to default profiles: default] ## ''
[2020-12-13T10:47:29.210+08:00] [INFO] [main-1] [org.springframework.boot.web.embedded.tomcat.TomcatWebServer] [] [] [] [TomcatWebServer.java,91,org.springframework.boot.web.embedded.tomcat.TomcatWebServer,initialize] [Tomcat initialized with port(s): 8083 (http)] ## ''
[2020-12-13T10:47:29.228+08:00] [INFO] [main-1] [org.apache.coyote.http11.Http11NioProtocol] [] [] [] [DirectJDKLog.java,173,org.apache.juli.logging.DirectJDKLog,log] [Initializing ProtocolHandler ["http-nio-8083"]] ## ''
[2020-12-13T10:47:29.229+08:00] [INFO] [main-1] [org.apache.catalina.core.StandardService] [] [] [] [DirectJDKLog.java,173,org.apache.juli.logging.DirectJDKLog,log] [Starting service [Tomcat]] ## ''
[2020-12-13T10:47:29.230+08:00] [INFO] [main-1] [org.apache.catalina.core.StandardEngine] [] [] [] [DirectJDKLog.java,173,org.apache.juli.logging.DirectJDKLog,log] [Starting Servlet engine: [Apache Tomcat/9.0.41]] ## ''
[2020-12-13T10:47:29.302+08:00] [INFO] [main-1] [org.apache.catalina.core.ContainerBase.[Tomcat].[localhost].[/]] [] [] [] [DirectJDKLog.java,173,org.apache.juli.logging.DirectJDKLog,log] [Initializing Spring embedded WebApplicationContext] ## ''
[2020-12-13T10:47:29.302+08:00] [INFO] [main-1] [org.springframework.boot.web.servlet.context.ServletWebServerApplicationContext] [] [] [] [ServletWebServerApplicationContext.java,283,org.springframework.boot.web.servlet.context.ServletWebServerApplicationContext,prepareWebApplicationContext] [Root WebApplicationContext: initialization completed in 890 ms] ## ''
[2020-12-13T10:47:29.484+08:00] [INFO] [main-1] [org.springframework.scheduling.concurrent.ThreadPoolTaskExecutor] [] [] [] [ExecutorConfigurationSupport.java,181,org.springframework.scheduling.concurrent.ExecutorConfigurationSupport,initialize] [Initializing ExecutorService 'applicationTaskExecutor'] ## ''
[2020-12-13T10:47:29.624+08:00] [INFO] [main-1] [org.apache.coyote.http11.Http11NioProtocol] [] [] [] [DirectJDKLog.java,173,org.apache.juli.logging.DirectJDKLog,log] [Starting ProtocolHandler ["http-nio-8083"]] ## ''
[2020-12-13T10:47:29.650+08:00] [INFO] [main-1] [org.springframework.boot.web.embedded.tomcat.TomcatWebServer] [] [] [] [TomcatWebServer.java,203,org.springframework.boot.web.embedded.tomcat.TomcatWebServer,start] [Tomcat started on port(s): 8083 (http) with context path ''] ## ''
[2020-12-13T10:47:29.654+08:00] [INFO] [main-1] [com.xlh.kafka.demo.collector.Application] [] [] [] [StartupInfoLogger.java,61,org.springframework.boot.StartupInfoLogger,logStarted] [Started Application in 1.774 seconds (JVM running for 2.771)] ## ''
[2020-12-13T10:47:37.406+08:00] [INFO] [http-nio-8083-exec-1-32] [org.apache.catalina.core.ContainerBase.[Tomcat].[localhost].[/]] [] [] [] [DirectJDKLog.java,173,org.apache.juli.logging.DirectJDKLog,log] [Initializing Spring DispatcherServlet 'dispatcherServlet'] ## ''
[2020-12-13T10:47:37.406+08:00] [INFO] [http-nio-8083-exec-1-32] [org.springframework.web.servlet.DispatcherServlet] [] [] [] [FrameworkServlet.java,525,org.springframework.web.servlet.FrameworkServlet,initServletBean] [Initializing Servlet 'dispatcherServlet'] ## ''
[2020-12-13T10:47:37.411+08:00] [INFO] [http-nio-8083-exec-1-32] [org.springframework.web.servlet.DispatcherServlet] [] [] [] [FrameworkServlet.java,547,org.springframework.web.servlet.FrameworkServlet,initServletBean] [Completed initialization in 5 ms] ## ''
[2020-12-13T10:47:37.435+08:00] [ERROR] [http-nio-8083-exec-1-32] [com.xlh.kafka.demo.collector.web.IndexController] [huxiaoleideMacBook-Pro.local] [192.168.3.39] [collector] [IndexController.java,68,com.xlh.kafka.demo.collector.web.IndexController,err] [算术异常] ## ' java.lang.ArithmeticException: / by zero
	at com.xlh.kafka.demo.collector.web.IndexController.err(IndexController.java:66)
	at sun.reflect.NativeMethodAccessorImpl.invoke0(Native Method)
	at sun.reflect.NativeMethodAccessorImpl.invoke(NativeMethodAccessorImpl.java:62)
	at sun.reflect.DelegatingMethodAccessorImpl.invoke(DelegatingMethodAccessorImpl.java:43)
	at java.lang.reflect.Method.invoke(Method.java:498)
	at org.springframework.web.method.support.InvocableHandlerMethod.doInvoke(InvocableHandlerMethod.java:190)
	at org.springframework.web.method.support.InvocableHandlerMethod.invokeForRequest(InvocableHandlerMethod.java:138)
	at org.springframework.web.servlet.mvc.method.annotation.ServletInvocableHandlerMethod.invokeAndHandle(ServletInvocableHandlerMethod.java:105)
	at org.springframework.web.servlet.mvc.method.annotation.RequestMappingHandlerAdapter.invokeHandlerMethod(RequestMappingHandlerAdapter.java:878)
	at org.springframework.web.servlet.mvc.method.annotation.RequestMappingHandlerAdapter.handleInternal(RequestMappingHandlerAdapter.java:792)
	at org.springframework.web.servlet.mvc.method.AbstractHandlerMethodAdapter.handle(AbstractHandlerMethodAdapter.java:87)
	at org.springframework.web.servlet.DispatcherServlet.doDispatch(DispatcherServlet.java:1040)
	at org.springframework.web.servlet.DispatcherServlet.doService(DispatcherServlet.java:943)
	at org.springframework.web.servlet.FrameworkServlet.processRequest(FrameworkServlet.java:1006)
	at org.springframework.web.servlet.FrameworkServlet.doGet(FrameworkServlet.java:898)
	at javax.servlet.http.HttpServlet.service(HttpServlet.java:626)
	at org.springframework.web.servlet.FrameworkServlet.service(FrameworkServlet.java:883)
	at javax.servlet.http.HttpServlet.service(HttpServlet.java:733)
	at org.apache.catalina.core.ApplicationFilterChain.internalDoFilter(ApplicationFilterChain.java:231)
	at org.apache.catalina.core.ApplicationFilterChain.doFilter(ApplicationFilterChain.java:166)
	at org.apache.tomcat.websocket.server.WsFilter.doFilter(WsFilter.java:53)
	at org.apache.catalina.core.ApplicationFilterChain.internalDoFilter(ApplicationFilterChain.java:193)
	at org.apache.catalina.core.ApplicationFilterChain.doFilter(ApplicationFilterChain.java:166)
	at org.springframework.web.filter.RequestContextFilter.doFilterInternal(RequestContextFilter.java:100)
	at org.springframework.web.filter.OncePerRequestFilter.doFilter(OncePerRequestFilter.java:119)
	at org.apache.catalina.core.ApplicationFilterChain.internalDoFilter(ApplicationFilterChain.java:193)
	at org.apache.catalina.core.ApplicationFilterChain.doFilter(ApplicationFilterChain.java:166)
	at org.springframework.web.filter.FormContentFilter.doFilterInternal(FormContentFilter.java:93)
	at org.springframework.web.filter.OncePerRequestFilter.doFilter(OncePerRequestFilter.java:119)
	at org.apache.catalina.core.ApplicationFilterChain.internalDoFilter(ApplicationFilterChain.java:193)
	at org.apache.catalina.core.ApplicationFilterChain.doFilter(ApplicationFilterChain.java:166)
	at org.springframework.web.filter.CharacterEncodingFilter.doFilterInternal(CharacterEncodingFilter.java:201)
	at org.springframework.web.filter.OncePerRequestFilter.doFilter(OncePerRequestFilter.java:119)
	at org.apache.catalina.core.ApplicationFilterChain.internalDoFilter(ApplicationFilterChain.java:193)
	at org.apache.catalina.core.ApplicationFilterChain.doFilter(ApplicationFilterChain.java:166)
	at org.apache.catalina.core.StandardWrapperValve.invoke(StandardWrapperValve.java:202)
	at org.apache.catalina.core.StandardContextValve.invoke(StandardContextValve.java:97)
	at org.apache.catalina.authenticator.AuthenticatorBase.invoke(AuthenticatorBase.java:542)
	at org.apache.catalina.core.StandardHostValve.invoke(StandardHostValve.java:143)
	at org.apache.catalina.valves.ErrorReportValve.invoke(ErrorReportValve.java:92)
	at org.apache.catalina.core.StandardEngineValve.invoke(StandardEngineValve.java:78)
	at org.apache.catalina.connector.CoyoteAdapter.service(CoyoteAdapter.java:343)
	at org.apache.coyote.http11.Http11Processor.service(Http11Processor.java:374)
	at org.apache.coyote.AbstractProcessorLight.process(AbstractProcessorLight.java:65)
	at org.apache.coyote.AbstractProtocol$ConnectionHandler.process(AbstractProtocol.java:888)
	at org.apache.tomcat.util.net.NioEndpoint$SocketProcessor.doRun(NioEndpoint.java:1597)
	at org.apache.tomcat.util.net.SocketProcessorBase.run(SocketProcessorBase.java:49)
	at java.util.concurrent.ThreadPoolExecutor.runWorker(ThreadPoolExecutor.java:1149)
	at java.util.concurrent.ThreadPoolExecutor$Worker.run(ThreadPoolExecutor.java:624)
	at org.apache.tomcat.util.threads.TaskThread$WrappingRunnable.run(TaskThread.java:61)
	at java.lang.Thread.run(Thread.java:748)
'
[2020-12-13T10:53:42.973+08:00] [ERROR] [http-nio-8083-exec-3-34] [com.xlh.kafka.demo.collector.web.IndexController] [huxiaoleideMacBook-Pro.local] [192.168.3.39] [collector] [IndexController.java,68,com.xlh.kafka.demo.collector.web.IndexController,err] [算术异常] ## ' java.lang.ArithmeticException: / by zero
	at com.xlh.kafka.demo.collector.web.IndexController.err(IndexController.java:66)
	at sun.reflect.NativeMethodAccessorImpl.invoke0(Native Method)
	at sun.reflect.NativeMethodAccessorImpl.invoke(NativeMethodAccessorImpl.java:62)
	at sun.reflect.DelegatingMethodAccessorImpl.invoke(DelegatingMethodAccessorImpl.java:43)
	at java.lang.reflect.Method.invoke(Method.java:498)
	at org.springframework.web.method.support.InvocableHandlerMethod.doInvoke(InvocableHandlerMethod.java:190)
	at org.springframework.web.method.support.InvocableHandlerMethod.invokeForRequest(InvocableHandlerMethod.java:138)
	at org.springframework.web.servlet.mvc.method.annotation.ServletInvocableHandlerMethod.invokeAndHandle(ServletInvocableHandlerMethod.java:105)
	at org.springframework.web.servlet.mvc.method.annotation.RequestMappingHandlerAdapter.invokeHandlerMethod(RequestMappingHandlerAdapter.java:878)
	at org.springframework.web.servlet.mvc.method.annotation.RequestMappingHandlerAdapter.handleInternal(RequestMappingHandlerAdapter.java:792)
	at org.springframework.web.servlet.mvc.method.AbstractHandlerMethodAdapter.handle(AbstractHandlerMethodAdapter.java:87)
	at org.springframework.web.servlet.DispatcherServlet.doDispatch(DispatcherServlet.java:1040)
	at org.springframework.web.servlet.DispatcherServlet.doService(DispatcherServlet.java:943)
	at org.springframework.web.servlet.FrameworkServlet.processRequest(FrameworkServlet.java:1006)
	at org.springframework.web.servlet.FrameworkServlet.doGet(FrameworkServlet.java:898)
	at javax.servlet.http.HttpServlet.service(HttpServlet.java:626)
	at org.springframework.web.servlet.FrameworkServlet.service(FrameworkServlet.java:883)
	at javax.servlet.http.HttpServlet.service(HttpServlet.java:733)
	at org.apache.catalina.core.ApplicationFilterChain.internalDoFilter(ApplicationFilterChain.java:231)
	at org.apache.catalina.core.ApplicationFilterChain.doFilter(ApplicationFilterChain.java:166)
	at org.apache.tomcat.websocket.server.WsFilter.doFilter(WsFilter.java:53)
	at org.apache.catalina.core.ApplicationFilterChain.internalDoFilter(ApplicationFilterChain.java:193)
	at org.apache.catalina.core.ApplicationFilterChain.doFilter(ApplicationFilterChain.java:166)
	at org.springframework.web.filter.RequestContextFilter.doFilterInternal(RequestContextFilter.java:100)
	at org.springframework.web.filter.OncePerRequestFilter.doFilter(OncePerRequestFilter.java:119)
	at org.apache.catalina.core.ApplicationFilterChain.internalDoFilter(ApplicationFilterChain.java:193)
	at org.apache.catalina.core.ApplicationFilterChain.doFilter(ApplicationFilterChain.java:166)
	at org.springframework.web.filter.FormContentFilter.doFilterInternal(FormContentFilter.java:93)
	at org.springframework.web.filter.OncePerRequestFilter.doFilter(OncePerRequestFilter.java:119)
	at org.apache.catalina.core.ApplicationFilterChain.internalDoFilter(ApplicationFilterChain.java:193)
	at org.apache.catalina.core.ApplicationFilterChain.doFilter(ApplicationFilterChain.java:166)
	at org.springframework.web.filter.CharacterEncodingFilter.doFilterInternal(CharacterEncodingFilter.java:201)
	at org.springframework.web.filter.OncePerRequestFilter.doFilter(OncePerRequestFilter.java:119)
	at org.apache.catalina.core.ApplicationFilterChain.internalDoFilter(ApplicationFilterChain.java:193)
	at org.apache.catalina.core.ApplicationFilterChain.doFilter(ApplicationFilterChain.java:166)
	at org.apache.catalina.core.StandardWrapperValve.invoke(StandardWrapperValve.java:202)
	at org.apache.catalina.core.StandardContextValve.invoke(StandardContextValve.java:97)
	at org.apache.catalina.authenticator.AuthenticatorBase.invoke(AuthenticatorBase.java:542)
	at org.apache.catalina.core.StandardHostValve.invoke(StandardHostValve.java:143)
	at org.apache.catalina.valves.ErrorReportValve.invoke(ErrorReportValve.java:92)
	at org.apache.catalina.core.StandardEngineValve.invoke(StandardEngineValve.java:78)
	at org.apache.catalina.connector.CoyoteAdapter.service(CoyoteAdapter.java:343)
	at org.apache.coyote.http11.Http11Processor.service(Http11Processor.java:374)
	at org.apache.coyote.AbstractProcessorLight.process(AbstractProcessorLight.java:65)
	at org.apache.coyote.AbstractProtocol$ConnectionHandler.process(AbstractProtocol.java:888)
	at org.apache.tomcat.util.net.NioEndpoint$SocketProcessor.doRun(NioEndpoint.java:1597)
	at org.apache.tomcat.util.net.SocketProcessorBase.run(SocketProcessorBase.java:49)
	at java.util.concurrent.ThreadPoolExecutor.runWorker(ThreadPoolExecutor.java:1149)
	at java.util.concurrent.ThreadPoolExecutor$Worker.run(ThreadPoolExecutor.java:624)
	at org.apache.tomcat.util.threads.TaskThread$WrappingRunnable.run(TaskThread.java:61)
	at java.lang.Thread.run(Thread.java:748)
'
[2020-12-13T10:53:44.074+08:00] [ERROR] [http-nio-8083-exec-4-35] [com.xlh.kafka.demo.collector.web.IndexController] [huxiaoleideMacBook-Pro.local] [192.168.3.39] [collector] [IndexController.java,68,com.xlh.kafka.demo.collector.web.IndexController,err] [算术异常] ## ' java.lang.ArithmeticException: / by zero
	at com.xlh.kafka.demo.collector.web.IndexController.err(IndexController.java:66)
	at sun.reflect.NativeMethodAccessorImpl.invoke0(Native Method)
	at sun.reflect.NativeMethodAccessorImpl.invoke(NativeMethodAccessorImpl.java:62)
	at sun.reflect.DelegatingMethodAccessorImpl.invoke(DelegatingMethodAccessorImpl.java:43)
	at java.lang.reflect.Method.invoke(Method.java:498)
	at org.springframework.web.method.support.InvocableHandlerMethod.doInvoke(InvocableHandlerMethod.java:190)
	at org.springframework.web.method.support.InvocableHandlerMethod.invokeForRequest(InvocableHandlerMethod.java:138)
	at org.springframework.web.servlet.mvc.method.annotation.ServletInvocableHandlerMethod.invokeAndHandle(ServletInvocableHandlerMethod.java:105)
	at org.springframework.web.servlet.mvc.method.annotation.RequestMappingHandlerAdapter.invokeHandlerMethod(RequestMappingHandlerAdapter.java:878)
	at org.springframework.web.servlet.mvc.method.annotation.RequestMappingHandlerAdapter.handleInternal(RequestMappingHandlerAdapter.java:792)
	at org.springframework.web.servlet.mvc.method.AbstractHandlerMethodAdapter.handle(AbstractHandlerMethodAdapter.java:87)
	at org.springframework.web.servlet.DispatcherServlet.doDispatch(DispatcherServlet.java:1040)
	at org.springframework.web.servlet.DispatcherServlet.doService(DispatcherServlet.java:943)
	at org.springframework.web.servlet.FrameworkServlet.processRequest(FrameworkServlet.java:1006)
	at org.springframework.web.servlet.FrameworkServlet.doGet(FrameworkServlet.java:898)
	at javax.servlet.http.HttpServlet.service(HttpServlet.java:626)
	at org.springframework.web.servlet.FrameworkServlet.service(FrameworkServlet.java:883)
	at javax.servlet.http.HttpServlet.service(HttpServlet.java:733)
	at org.apache.catalina.core.ApplicationFilterChain.internalDoFilter(ApplicationFilterChain.java:231)
	at org.apache.catalina.core.ApplicationFilterChain.doFilter(ApplicationFilterChain.java:166)
	at org.apache.tomcat.websocket.server.WsFilter.doFilter(WsFilter.java:53)
	at org.apache.catalina.core.ApplicationFilterChain.internalDoFilter(ApplicationFilterChain.java:193)
	at org.apache.catalina.core.ApplicationFilterChain.doFilter(ApplicationFilterChain.java:166)
	at org.springframework.web.filter.RequestContextFilter.doFilterInternal(RequestContextFilter.java:100)
	at org.springframework.web.filter.OncePerRequestFilter.doFilter(OncePerRequestFilter.java:119)
	at org.apache.catalina.core.ApplicationFilterChain.internalDoFilter(ApplicationFilterChain.java:193)
	at org.apache.catalina.core.ApplicationFilterChain.doFilter(ApplicationFilterChain.java:166)
	at org.springframework.web.filter.FormContentFilter.doFilterInternal(FormContentFilter.java:93)
	at org.springframework.web.filter.OncePerRequestFilter.doFilter(OncePerRequestFilter.java:119)
	at org.apache.catalina.core.ApplicationFilterChain.internalDoFilter(ApplicationFilterChain.java:193)
	at org.apache.catalina.core.ApplicationFilterChain.doFilter(ApplicationFilterChain.java:166)
	at org.springframework.web.filter.CharacterEncodingFilter.doFilterInternal(CharacterEncodingFilter.java:201)
	at org.springframework.web.filter.OncePerRequestFilter.doFilter(OncePerRequestFilter.java:119)
	at org.apache.catalina.core.ApplicationFilterChain.internalDoFilter(ApplicationFilterChain.java:193)
	at org.apache.catalina.core.ApplicationFilterChain.doFilter(ApplicationFilterChain.java:166)
	at org.apache.catalina.core.StandardWrapperValve.invoke(StandardWrapperValve.java:202)
	at org.apache.catalina.core.StandardContextValve.invoke(StandardContextValve.java:97)
	at org.apache.catalina.authenticator.AuthenticatorBase.invoke(AuthenticatorBase.java:542)
	at org.apache.catalina.core.StandardHostValve.invoke(StandardHostValve.java:143)
	at org.apache.catalina.valves.ErrorReportValve.invoke(ErrorReportValve.java:92)
	at org.apache.catalina.core.StandardEngineValve.invoke(StandardEngineValve.java:78)
	at org.apache.catalina.connector.CoyoteAdapter.service(CoyoteAdapter.java:343)
	at org.apache.coyote.http11.Http11Processor.service(Http11Processor.java:374)
	at org.apache.coyote.AbstractProcessorLight.process(AbstractProcessorLight.java:65)
	at org.apache.coyote.AbstractProtocol$ConnectionHandler.process(AbstractProtocol.java:888)
	at org.apache.tomcat.util.net.NioEndpoint$SocketProcessor.doRun(NioEndpoint.java:1597)
	at org.apache.tomcat.util.net.SocketProcessorBase.run(SocketProcessorBase.java:49)
	at java.util.concurrent.ThreadPoolExecutor.runWorker(ThreadPoolExecutor.java:1149)
	at java.util.concurrent.ThreadPoolExecutor$Worker.run(ThreadPoolExecutor.java:624)
	at org.apache.tomcat.util.threads.TaskThread$WrappingRunnable.run(TaskThread.java:61)
	at java.lang.Thread.run(Thread.java:748)
'
[2020-12-13T10:53:44.622+08:00] [ERROR] [http-nio-8083-exec-5-36] [com.xlh.kafka.demo.collector.web.IndexController] [huxiaoleideMacBook-Pro.local] [192.168.3.39] [collector] [IndexController.java,68,com.xlh.kafka.demo.collector.web.IndexController,err] [算术异常] ## ' java.lang.ArithmeticException: / by zero
	at com.xlh.kafka.demo.collector.web.IndexController.err(IndexController.java:66)
	at sun.reflect.NativeMethodAccessorImpl.invoke0(Native Method)
	at sun.reflect.NativeMethodAccessorImpl.invoke(NativeMethodAccessorImpl.java:62)
	at sun.reflect.DelegatingMethodAccessorImpl.invoke(DelegatingMethodAccessorImpl.java:43)
	at java.lang.reflect.Method.invoke(Method.java:498)
	at org.springframework.web.method.support.InvocableHandlerMethod.doInvoke(InvocableHandlerMethod.java:190)
	at org.springframework.web.method.support.InvocableHandlerMethod.invokeForRequest(InvocableHandlerMethod.java:138)
	at org.springframework.web.servlet.mvc.method.annotation.ServletInvocableHandlerMethod.invokeAndHandle(ServletInvocableHandlerMethod.java:105)
	at org.springframework.web.servlet.mvc.method.annotation.RequestMappingHandlerAdapter.invokeHandlerMethod(RequestMappingHandlerAdapter.java:878)
	at org.springframework.web.servlet.mvc.method.annotation.RequestMappingHandlerAdapter.handleInternal(RequestMappingHandlerAdapter.java:792)
	at org.springframework.web.servlet.mvc.method.AbstractHandlerMethodAdapter.handle(AbstractHandlerMethodAdapter.java:87)
	at org.springframework.web.servlet.DispatcherServlet.doDispatch(DispatcherServlet.java:1040)
	at org.springframework.web.servlet.DispatcherServlet.doService(DispatcherServlet.java:943)
	at org.springframework.web.servlet.FrameworkServlet.processRequest(FrameworkServlet.java:1006)
	at org.springframework.web.servlet.FrameworkServlet.doGet(FrameworkServlet.java:898)
	at javax.servlet.http.HttpServlet.service(HttpServlet.java:626)
	at org.springframework.web.servlet.FrameworkServlet.service(FrameworkServlet.java:883)
	at javax.servlet.http.HttpServlet.service(HttpServlet.java:733)
	at org.apache.catalina.core.ApplicationFilterChain.internalDoFilter(ApplicationFilterChain.java:231)
	at org.apache.catalina.core.ApplicationFilterChain.doFilter(ApplicationFilterChain.java:166)
	at org.apache.tomcat.websocket.server.WsFilter.doFilter(WsFilter.java:53)
	at org.apache.catalina.core.ApplicationFilterChain.internalDoFilter(ApplicationFilterChain.java:193)
	at org.apache.catalina.core.ApplicationFilterChain.doFilter(ApplicationFilterChain.java:166)
	at org.springframework.web.filter.RequestContextFilter.doFilterInternal(RequestContextFilter.java:100)
	at org.springframework.web.filter.OncePerRequestFilter.doFilter(OncePerRequestFilter.java:119)
	at org.apache.catalina.core.ApplicationFilterChain.internalDoFilter(ApplicationFilterChain.java:193)
	at org.apache.catalina.core.ApplicationFilterChain.doFilter(ApplicationFilterChain.java:166)
	at org.springframework.web.filter.FormContentFilter.doFilterInternal(FormContentFilter.java:93)
	at org.springframework.web.filter.OncePerRequestFilter.doFilter(OncePerRequestFilter.java:119)
	at org.apache.catalina.core.ApplicationFilterChain.internalDoFilter(ApplicationFilterChain.java:193)
	at org.apache.catalina.core.ApplicationFilterChain.doFilter(ApplicationFilterChain.java:166)
	at org.springframework.web.filter.CharacterEncodingFilter.doFilterInternal(CharacterEncodingFilter.java:201)
	at org.springframework.web.filter.OncePerRequestFilter.doFilter(OncePerRequestFilter.java:119)
	at org.apache.catalina.core.ApplicationFilterChain.internalDoFilter(ApplicationFilterChain.java:193)
	at org.apache.catalina.core.ApplicationFilterChain.doFilter(ApplicationFilterChain.java:166)
	at org.apache.catalina.core.StandardWrapperValve.invoke(StandardWrapperValve.java:202)
	at org.apache.catalina.core.StandardContextValve.invoke(StandardContextValve.java:97)
	at org.apache.catalina.authenticator.AuthenticatorBase.invoke(AuthenticatorBase.java:542)
	at org.apache.catalina.core.StandardHostValve.invoke(StandardHostValve.java:143)
	at org.apache.catalina.valves.ErrorReportValve.invoke(ErrorReportValve.java:92)
	at org.apache.catalina.core.StandardEngineValve.invoke(StandardEngineValve.java:78)
	at org.apache.catalina.connector.CoyoteAdapter.service(CoyoteAdapter.java:343)
	at org.apache.coyote.http11.Http11Processor.service(Http11Processor.java:374)
	at org.apache.coyote.AbstractProcessorLight.process(AbstractProcessorLight.java:65)
	at org.apache.coyote.AbstractProtocol$ConnectionHandler.process(AbstractProtocol.java:888)
	at org.apache.tomcat.util.net.NioEndpoint$SocketProcessor.doRun(NioEndpoint.java:1597)
	at org.apache.tomcat.util.net.SocketProcessorBase.run(SocketProcessorBase.java:49)
	at java.util.concurrent.ThreadPoolExecutor.runWorker(ThreadPoolExecutor.java:1149)
	at java.util.concurrent.ThreadPoolExecutor$Worker.run(ThreadPoolExecutor.java:624)
	at org.apache.tomcat.util.threads.TaskThread$WrappingRunnable.run(TaskThread.java:61)
	at java.lang.Thread.run(Thread.java:748)
'
[2020-12-13T10:53:47.447+08:00] [INFO] [http-nio-8083-exec-6-37] [com.xlh.kafka.demo.collector.web.IndexController] [huxiaoleideMacBook-Pro.local] [192.168.3.39] [collector] [IndexController.java,52,com.xlh.kafka.demo.collector.web.IndexController,index] [我是一条info日志] ## ''
[2020-12-13T10:53:47.448+08:00] [WARN] [http-nio-8083-exec-6-37] [com.xlh.kafka.demo.collector.web.IndexController] [huxiaoleideMacBook-Pro.local] [192.168.3.39] [collector] [IndexController.java,54,com.xlh.kafka.demo.collector.web.IndexController,index] [我是一条warn日志] ## ''
[2020-12-13T10:53:47.448+08:00] [ERROR] [http-nio-8083-exec-6-37] [com.xlh.kafka.demo.collector.web.IndexController] [huxiaoleideMacBook-Pro.local] [192.168.3.39] [collector] [IndexController.java,56,com.xlh.kafka.demo.collector.web.IndexController,index] [我是一条error日志] ## ''
[2020-12-13T10:53:49.282+08:00] [INFO] [http-nio-8083-exec-7-38] [com.xlh.kafka.demo.collector.web.IndexController] [huxiaoleideMacBook-Pro.local] [192.168.3.39] [collector] [IndexController.java,52,com.xlh.kafka.demo.collector.web.IndexController,index] [我是一条info日志] ## ''
[2020-12-13T10:53:49.282+08:00] [WARN] [http-nio-8083-exec-7-38] [com.xlh.kafka.demo.collector.web.IndexController] [huxiaoleideMacBook-Pro.local] [192.168.3.39] [collector] [IndexController.java,54,com.xlh.kafka.demo.collector.web.IndexController,index] [我是一条warn日志] ## ''
[2020-12-13T10:53:49.283+08:00] [ERROR] [http-nio-8083-exec-7-38] [com.xlh.kafka.demo.collector.web.IndexController] [huxiaoleideMacBook-Pro.local] [192.168.3.39] [collector] [IndexController.java,56,com.xlh.kafka.demo.collector.web.IndexController,index] [我是一条error日志] ## ''
[2020-12-13T10:53:49.730+08:00] [INFO] [http-nio-8083-exec-8-39] [com.xlh.kafka.demo.collector.web.IndexController] [huxiaoleideMacBook-Pro.local] [192.168.3.39] [collector] [IndexController.java,52,com.xlh.kafka.demo.collector.web.IndexController,index] [我是一条info日志] ## ''
[2020-12-13T10:53:49.730+08:00] [WARN] [http-nio-8083-exec-8-39] [com.xlh.kafka.demo.collector.web.IndexController] [huxiaoleideMacBook-Pro.local] [192.168.3.39] [collector] [IndexController.java,54,com.xlh.kafka.demo.collector.web.IndexController,index] [我是一条warn日志] ## ''
[2020-12-13T10:53:49.731+08:00] [ERROR] [http-nio-8083-exec-8-39] [com.xlh.kafka.demo.collector.web.IndexController] [huxiaoleideMacBook-Pro.local] [192.168.3.39] [collector] [IndexController.java,56,com.xlh.kafka.demo.collector.web.IndexController,index] [我是一条error日志] ## ''
[2020-12-13T10:53:49.969+08:00] [INFO] [http-nio-8083-exec-9-40] [com.xlh.kafka.demo.collector.web.IndexController] [huxiaoleideMacBook-Pro.local] [192.168.3.39] [collector] [IndexController.java,52,com.xlh.kafka.demo.collector.web.IndexController,index] [我是一条info日志] ## ''
[2020-12-13T10:53:49.969+08:00] [WARN] [http-nio-8083-exec-9-40] [com.xlh.kafka.demo.collector.web.IndexController] [huxiaoleideMacBook-Pro.local] [192.168.3.39] [collector] [IndexController.java,54,com.xlh.kafka.demo.collector.web.IndexController,index] [我是一条warn日志] ## ''
[2020-12-13T10:53:49.969+08:00] [ERROR] [http-nio-8083-exec-9-40] [com.xlh.kafka.demo.collector.web.IndexController] [huxiaoleideMacBook-Pro.local] [192.168.3.39] [collector] [IndexController.java,56,com.xlh.kafka.demo.collector.web.IndexController,index] [我是一条error日志] ## ''
[2020-12-13T10:58:00.707+08:00] [INFO] [SpringContextShutdownHook-24] [org.springframework.scheduling.concurrent.ThreadPoolTaskExecutor] [] [] [] [ExecutorConfigurationSupport.java,218,org.springframework.scheduling.concurrent.ExecutorConfigurationSupport,shutdown] [Shutting down ExecutorService 'applicationTaskExecutor'] ## ''
[2020-12-13T11:39:43.154+08:00] [INFO] [background-preinit-20] [org.hibernate.validator.internal.util.Version] [] [] [] [Version.java,21,org.hibernate.validator.internal.util.Version,<clinit>] [HV000001: Hibernate Validator 6.0.21.Final] ## ''
[2020-12-13T11:39:43.213+08:00] [INFO] [main-1] [com.xlh.kafka.demo.collector.Application] [] [] [] [StartupInfoLogger.java,55,org.springframework.boot.StartupInfoLogger,logStarting] [Starting Application on huxiaoleideMacBook-Pro.local with PID 66826 (/Users/huxiaolei/IdeaProjects/spring-boot-kafka-demo-parent/collector/target/classes started by huxiaolei in /Users/huxiaolei/IdeaProjects/spring-boot-kafka-demo-parent)] ## ''
[2020-12-13T11:39:43.216+08:00] [INFO] [main-1] [com.xlh.kafka.demo.collector.Application] [] [] [] [SpringApplication.java,651,org.springframework.boot.SpringApplication,logStartupProfileInfo] [No active profile set, falling back to default profiles: default] ## ''
[2020-12-13T11:39:44.023+08:00] [INFO] [main-1] [org.springframework.boot.web.embedded.tomcat.TomcatWebServer] [] [] [] [TomcatWebServer.java,91,org.springframework.boot.web.embedded.tomcat.TomcatWebServer,initialize] [Tomcat initialized with port(s): 8083 (http)] ## ''
[2020-12-13T11:39:44.040+08:00] [INFO] [main-1] [org.apache.coyote.http11.Http11NioProtocol] [] [] [] [DirectJDKLog.java,173,org.apache.juli.logging.DirectJDKLog,log] [Initializing ProtocolHandler ["http-nio-8083"]] ## ''
[2020-12-13T11:39:44.040+08:00] [INFO] [main-1] [org.apache.catalina.core.StandardService] [] [] [] [DirectJDKLog.java,173,org.apache.juli.logging.DirectJDKLog,log] [Starting service [Tomcat]] ## ''
[2020-12-13T11:39:44.041+08:00] [INFO] [main-1] [org.apache.catalina.core.StandardEngine] [] [] [] [DirectJDKLog.java,173,org.apache.juli.logging.DirectJDKLog,log] [Starting Servlet engine: [Apache Tomcat/9.0.41]] ## ''
[2020-12-13T11:39:44.105+08:00] [INFO] [main-1] [org.apache.catalina.core.ContainerBase.[Tomcat].[localhost].[/]] [] [] [] [DirectJDKLog.java,173,org.apache.juli.logging.DirectJDKLog,log] [Initializing Spring embedded WebApplicationContext] ## ''
[2020-12-13T11:39:44.106+08:00] [INFO] [main-1] [org.springframework.boot.web.servlet.context.ServletWebServerApplicationContext] [] [] [] [ServletWebServerApplicationContext.java,283,org.springframework.boot.web.servlet.context.ServletWebServerApplicationContext,prepareWebApplicationContext] [Root WebApplicationContext: initialization completed in 763 ms] ## ''
[2020-12-13T11:39:44.267+08:00] [INFO] [main-1] [org.springframework.scheduling.concurrent.ThreadPoolTaskExecutor] [] [] [] [ExecutorConfigurationSupport.java,181,org.springframework.scheduling.concurrent.ExecutorConfigurationSupport,initialize] [Initializing ExecutorService 'applicationTaskExecutor'] ## ''
[2020-12-13T11:39:44.405+08:00] [INFO] [main-1] [org.apache.coyote.http11.Http11NioProtocol] [] [] [] [DirectJDKLog.java,173,org.apache.juli.logging.DirectJDKLog,log] [Starting ProtocolHandler ["http-nio-8083"]] ## ''
[2020-12-13T11:39:44.439+08:00] [INFO] [main-1] [org.springframework.boot.web.embedded.tomcat.TomcatWebServer] [] [] [] [TomcatWebServer.java,203,org.springframework.boot.web.embedded.tomcat.TomcatWebServer,start] [Tomcat started on port(s): 8083 (http) with context path ''] ## ''
[2020-12-13T11:39:44.442+08:00] [INFO] [main-1] [com.xlh.kafka.demo.collector.Application] [] [] [] [StartupInfoLogger.java,61,org.springframework.boot.StartupInfoLogger,logStarted] [Started Application in 1.609 seconds (JVM running for 2.629)] ## ''
[2020-12-13T11:48:21.415+08:00] [INFO] [http-nio-8083-exec-1-32] [org.apache.catalina.core.ContainerBase.[Tomcat].[localhost].[/]] [] [] [] [DirectJDKLog.java,173,org.apache.juli.logging.DirectJDKLog,log] [Initializing Spring DispatcherServlet 'dispatcherServlet'] ## ''
[2020-12-13T11:48:21.416+08:00] [INFO] [http-nio-8083-exec-1-32] [org.springframework.web.servlet.DispatcherServlet] [] [] [] [FrameworkServlet.java,525,org.springframework.web.servlet.FrameworkServlet,initServletBean] [Initializing Servlet 'dispatcherServlet'] ## ''
[2020-12-13T11:48:21.424+08:00] [INFO] [http-nio-8083-exec-1-32] [org.springframework.web.servlet.DispatcherServlet] [] [] [] [FrameworkServlet.java,547,org.springframework.web.servlet.FrameworkServlet,initServletBean] [Completed initialization in 8 ms] ## ''
